<?xml version="1.0" encoding="UTF-8"?>
<!-- Generated by org.testng.reporters.JUnitXMLReporter -->
<testsuite ignored="0" hostname="Lenovo3" failures="1" tests="1" name="Default test(failed)" time="0.36" errors="0" timestamp="2023-10-25T18:11:28 IST">
  <testcase classname="testCommon.AssertionValidation" name="Login" time="0.0">
    <failure type="org.testng.TestNGException" message="
Method public void testCommon.AssertionValidation.Login(java.lang.String,java.lang.String) throws java.lang.InterruptedException requires a @DataProvider named : LoginData">
      <![CDATA[org.testng.TestNGException: 
Method public void testCommon.AssertionValidation.Login(java.lang.String,java.lang.String) throws java.lang.InterruptedException requires a @DataProvider named : LoginData
at java.base/java.util.ArrayList.forEach(ArrayList.java:1511)
... Removed 24 stack frames]]>
    </failure>
  </testcase> <!-- Login -->
</testsuite> <!-- Default test(failed) -->
