<?xml version="1.0" encoding="UTF-8"?>
<testng-results ignored="0" total="2" passed="2" failed="0" skipped="0">
  <reporter-output>
  </reporter-output>
  <suite started-at="2023-10-26T19:05:54 IST" name="Default suite" finished-at="2023-10-26T19:06:21 IST" duration-ms="26974">
    <groups>
    </groups>
    <test started-at="2023-10-26T19:05:54 IST" name="Default test" finished-at="2023-10-26T19:06:21 IST" duration-ms="26974">
      <class name="testCommon.UtilsDataProvider">
        <test-method signature="LoginMultipleCredValidationFunInheritance(java.lang.String,java.lang.String)[pri:0, instance:testCommon.UtilsDataProvider@201a4587]" started-at="2023-10-26T19:05:54 IST" name="LoginMultipleCredValidationFunInheritance" data-provider="login" finished-at="2023-10-26T19:06:20 IST" duration-ms="25781" status="PASS">
          <params>
            <param index="0">
              <value>
                <![CDATA[student1]]>
              </value>
            </param>
            <param index="1">
              <value>
                <![CDATA[Password12]]>
              </value>
            </param>
          </params>
          <reporter-output>
          </reporter-output>
        </test-method> <!-- LoginMultipleCredValidationFunInheritance -->
        <test-method signature="LoginMultipleCredValidationFunInheritance(java.lang.String,java.lang.String)[pri:0, instance:testCommon.UtilsDataProvider@201a4587]" started-at="2023-10-26T19:05:54 IST" name="LoginMultipleCredValidationFunInheritance" data-provider="login" finished-at="2023-10-26T19:06:21 IST" duration-ms="26608" status="PASS">
          <params>
            <param index="0">
              <value>
                <![CDATA[student]]>
              </value>
            </param>
            <param index="1">
              <value>
                <![CDATA[Password123]]>
              </value>
            </param>
          </params>
          <reporter-output>
          </reporter-output>
        </test-method> <!-- LoginMultipleCredValidationFunInheritance -->
      </class> <!-- testCommon.UtilsDataProvider -->
    </test> <!-- Default test -->
  </suite> <!-- Default suite -->
</testng-results>
