<?xml version="1.0" encoding="UTF-8"?>
<!-- Generated by org.testng.reporters.JUnitXMLReporter -->
<testsuite ignored="0" hostname="Lenovo3" failures="0" tests="2" name="Default test" time="26.974" errors="0" timestamp="2023-10-26T19:06:21 IST">
  <testcase classname="testCommon.UtilsDataProvider" name="LoginMultipleCredValidationFunInheritance" time="25.781"/>
  <testcase classname="testCommon.UtilsDataProvider" name="LoginMultipleCredValidationFunInheritance" time="26.608"/>
</testsuite> <!-- Default test -->
